{"content_hash": "19a91820a1fab25b", "style_hash": "70bd1fc6dbb7fab1", "generation_time": 0.00030803680419921875, "document_size": 8572, "event": "HTML document generated successfully", "correlation_id": "f8f71d94", "timestamp": "2025-06-09T20:07:06.071278Z", "iso_timestamp": "2025-06-09T20:07:06.fZ", "logger": "services.html_generator", "level": "info"}
{"function": "generate_html_document", "performance_event": true, "duration": 0.0005910396575927734, "operation": "html_generation", "event": "Operation completed: html_generation", "correlation_id": "f8f71d94", "timestamp": "2025-06-09T20:07:06.071388Z", "iso_timestamp": "2025-06-09T20:07:06.fZ", "logger": "services.html_generator", "level": "info"}
Disk cache initialized successfully
{"test_param": "test_value", "event": "Test log message", "correlation_id": "f8f71d94", "timestamp": "2025-06-09T20:07:06.074354Z", "iso_timestamp": "2025-06-09T20:07:06.fZ", "logger": "test_logger", "level": "info"}
Disk cache initialized successfully
{"event": "Initialized template library with 9 templates", "correlation_id": "38636669", "timestamp": "2025-06-09T20:54:41.032914Z", "iso_timestamp": "2025-06-09T20:54:41.fZ", "logger": "services.template_service", "level": "info"}
{"content_hash": "19a91820a1fab25b", "style_hash": "70bd1fc6dbb7fab1", "generation_time": 0.00014710426330566406, "document_size": 8572, "event": "HTML document generated successfully", "correlation_id": "5b8efbef", "timestamp": "2025-06-09T20:54:52.989381Z", "iso_timestamp": "2025-06-09T20:54:52.fZ", "logger": "services.html_generator", "level": "info"}
{"function": "generate_html_document", "performance_event": true, "duration": 0.0004220008850097656, "operation": "html_generation", "event": "Operation completed: html_generation", "correlation_id": "5b8efbef", "timestamp": "2025-06-09T20:54:52.989471Z", "iso_timestamp": "2025-06-09T20:54:52.fZ", "logger": "services.html_generator", "level": "info"}
Disk cache initialized successfully
{"test_param": "test_value", "event": "Test log message", "correlation_id": "5b8efbef", "timestamp": "2025-06-09T20:54:52.992507Z", "iso_timestamp": "2025-06-09T20:54:52.fZ", "logger": "test_logger", "level": "info"}
Disk cache initialized successfully
Disk cache initialized successfully
Disk cache initialized successfully
Disk cache initialized successfully
Disk cache initialized successfully
Disk cache initialized successfully
Disk cache initialized successfully
Disk cache initialized successfully
Disk cache initialized successfully
Disk cache initialized successfully
